0 verbose cli /usr/local/bin/node /usr/local/bin/npm
1 info using npm@9.2.0
2 info using node@v19.4.0
3 timing npm:load:whichnode Completed in 3ms
4 timing config:load:defaults Completed in 9ms
5 timing config:load:file:/usr/local/lib/node_modules/npm/npmrc Completed in 9ms
6 timing config:load:builtin Completed in 12ms
7 timing config:load:cli Completed in 14ms
8 timing config:load:env Completed in 2ms
9 timing config:load:project Completed in 20ms
10 timing config:load:file:/home/app/.npmrc Completed in 1ms
11 timing config:load:user Completed in 1ms
12 timing config:load:file:/usr/local/etc/npmrc Completed in 0ms
13 timing config:load:global Completed in 2ms
14 timing config:load:setEnvs Completed in 5ms
15 timing config:load Completed in 68ms
16 timing npm:load:configload Completed in 68ms
17 timing npm:load:mkdirpcache Completed in 1ms
18 timing npm:load:mkdirplogs Completed in 1ms
19 verbose title npm start
20 verbose argv "start"
21 timing npm:load:setTitle Completed in 6ms
22 timing config:load:flatten Completed in 18ms
23 timing npm:load:display Completed in 23ms
24 verbose logfile logs-max:10 dir:/home/app/.npm/_logs/2023-01-11T06_55_05_601Z-
25 verbose logfile /home/app/.npm/_logs/2023-01-11T06_55_05_601Z-debug-0.log
26 timing npm:load:logFile Completed in 26ms
27 timing npm:load:timers Completed in 1ms
28 timing npm:load:configScope Completed in 0ms
29 timing npm:load Completed in 133ms
30 silly logfile done cleaning log files
31 timing config:load:flatten Completed in 2ms
32 timing command:run-script Completed in 331846ms
33 timing command:start Completed in 331866ms
34 verbose stack Error: command failed
34 verbose stack     at ChildProcess.<anonymous> (/usr/local/lib/node_modules/npm/node_modules/@npmcli/promise-spawn/lib/index.js:53:27)
34 verbose stack     at ChildProcess.emit (node:events:513:28)
34 verbose stack     at maybeClose (node:internal/child_process:1098:16)
34 verbose stack     at ChildProcess._handle.onexit (node:internal/child_process:304:5)
35 verbose pkgid dev-test@0.1.0
36 verbose cwd /home/app
37 verbose Linux 5.15.0-53-generic
38 verbose node v19.4.0
39 verbose npm  v9.2.0
40 error path /home/app
41 error command failed
42 error signal SIGTERM
43 error command sh -c react-scripts start
44 verbose exit 1
45 timing npm Completed in 332071ms
46 verbose code 1
47 error A complete log of this run can be found in:
47 error     /home/app/.npm/_logs/2023-01-11T06_55_05_601Z-debug-0.log
