0 verbose cli /usr/local/bin/node /usr/local/bin/npm
1 info using npm@9.2.0
2 info using node@v19.4.0
3 timing npm:load:whichnode Completed in 3ms
4 timing config:load:defaults Completed in 10ms
5 timing config:load:file:/usr/local/lib/node_modules/npm/npmrc Completed in 3ms
6 timing config:load:builtin Completed in 4ms
7 timing config:load:cli Completed in 7ms
8 timing config:load:env Completed in 1ms
9 timing config:load:project Completed in 18ms
10 timing config:load:file:/home/app/.npmrc Completed in 1ms
11 timing config:load:user Completed in 2ms
12 timing config:load:file:/usr/local/etc/npmrc Completed in 2ms
13 timing config:load:global Completed in 3ms
14 timing config:load:setEnvs Completed in 8ms
15 timing config:load Completed in 56ms
16 timing npm:load:configload Completed in 58ms
17 timing npm:load:mkdirpcache Completed in 13ms
18 timing npm:load:mkdirplogs Completed in 1ms
19 verbose title npm start
20 verbose argv "start"
21 timing npm:load:setTitle Completed in 7ms
22 timing config:load:flatten Completed in 18ms
23 timing npm:load:display Completed in 23ms
24 verbose logfile logs-max:10 dir:/home/app/.npm/_logs/2023-01-11T06_48_39_693Z-
25 verbose logfile /home/app/.npm/_logs/2023-01-11T06_48_39_693Z-debug-0.log
26 timing npm:load:logFile Completed in 26ms
27 timing npm:load:timers Completed in 1ms
28 timing npm:load:configScope Completed in 0ms
29 timing npm:load Completed in 137ms
30 silly logfile done cleaning log files
31 timing config:load:flatten Completed in 3ms
32 http fetch GET 200 https://registry.npmjs.org/npm 1900ms (cache miss)
33 http fetch GET 200 https://registry.npmjs.org/npm 2551ms (cache miss)
34 timing command:run-script Completed in 286364ms
35 timing command:start Completed in 286387ms
36 verbose stack Error: command failed
36 verbose stack     at ChildProcess.<anonymous> (/usr/local/lib/node_modules/npm/node_modules/@npmcli/promise-spawn/lib/index.js:53:27)
36 verbose stack     at ChildProcess.emit (node:events:513:28)
36 verbose stack     at maybeClose (node:internal/child_process:1098:16)
36 verbose stack     at ChildProcess._handle.onexit (node:internal/child_process:304:5)
37 verbose pkgid dev-test@0.1.0
38 verbose cwd /home/app
39 verbose Linux 5.15.0-53-generic
40 verbose node v19.4.0
41 verbose npm  v9.2.0
42 error path /home/app
43 error command failed
44 error signal SIGTERM
45 error command sh -c react-scripts start
46 verbose exit 1
47 timing npm Completed in 286637ms
48 verbose code 1
49 error A complete log of this run can be found in:
49 error     /home/app/.npm/_logs/2023-01-11T06_48_39_693Z-debug-0.log
